c:\projects\alg\chessmtuci\chessmtuci\x64\debug\vc143.pdb
c:\projects\alg\chessmtuci\chessmtuci\x64\debug\.netframework,version=v4.7.2.assemblyattributes.obj
c:\projects\alg\chessmtuci\chessmtuci\x64\debug\myform.obj
c:\projects\alg\chessmtuci\chessmtuci\x64\debug\main.obj
c:\projects\alg\chessmtuci\chessmtuci\x64\debug\game.obj
c:\projects\alg\chessmtuci\x64\debug\chessmtuci.exe
c:\projects\alg\chessmtuci\x64\debug\chessmtuci.pdb
c:\projects\alg\chessmtuci\chessmtuci\x64\debug\fugureclass.obj
c:\projects\alg\chessmtuci\chessmtuci\x64\debug\chessmtuci.myform.resources
c:\projects\alg\chessmtuci\chessmtuci\x64\debug\chessmtuci.tlog\cl.command.1.tlog
c:\projects\alg\chessmtuci\chessmtuci\x64\debug\chessmtuci.tlog\cl.items.tlog
c:\projects\alg\chessmtuci\chessmtuci\x64\debug\chessmtuci.tlog\cl.read.1.tlog
c:\projects\alg\chessmtuci\chessmtuci\x64\debug\chessmtuci.tlog\cl.write.1.tlog
c:\projects\alg\chessmtuci\chessmtuci\x64\debug\chessmtuci.tlog\link.command.1.tlog
c:\projects\alg\chessmtuci\chessmtuci\x64\debug\chessmtuci.tlog\link.read.1.tlog
c:\projects\alg\chessmtuci\chessmtuci\x64\debug\chessmtuci.tlog\link.secondary.1.tlog
c:\projects\alg\chessmtuci\chessmtuci\x64\debug\chessmtuci.tlog\link.write.1.tlog
c:\projects\alg\chessmtuci\chessmtuci\x64\debug\chessmtuci.tlog\metagen.read.1.tlog
c:\projects\alg\chessmtuci\chessmtuci\x64\debug\chessmtuci.tlog\metagen.write.1.tlog
c:\projects\alg\chessmtuci\chessmtuci\x64\debug\chessmtuci.tlog\resgen.command.1.tlog
c:\projects\alg\chessmtuci\chessmtuci\x64\debug\chessmtuci.tlog\resgen.read.1.tlog
c:\projects\alg\chessmtuci\chessmtuci\x64\debug\chessmtuci.tlog\resgen.write.1.tlog
